<?xml version="1.0" encoding="UTF-8"?>
<!-- Generated by org.testng.reporters.JUnitReportReporter -->
<testsuite hostname="Bhargavi" failures="0" tests="4"
	name="IgnoreTest.com.IgnoreTestsInTestNG" time="0.012" errors="0"
	timestamp="21 Oct 2024 09:57:44 GMT" skipped="0">
	<testcase classname="IgnoreTest.com.IgnoreTestsInTestNG"
		name="test3" time="0.000" />
	<testcase classname="IgnoreTest.com.IgnoreTestsInTestNG"
		name="test1" time="0.010" />
	<testcase classname="IgnoreTest.com.IgnoreTestsInTestNG"
		name="test4" time="0.001" />
	<testcase classname="IgnoreTest.com.IgnoreTestsInTestNG"
		name="test2" time="0.001" />
</testsuite> <!-- IgnoreTest.com.IgnoreTestsInTestNG -->
