<?xml version="1.0" encoding="UTF-8"?>
<!-- Generated by org.testng.reporters.JUnitReportReporter -->
<testsuite hostname="Bhargavi" failures="0" tests="3" name="SeleniumExcelFiles.DataProviderUsingExcelandTestNg" time="22.600" errors="0" timestamp="22 Oct 2024 17:48:41 GMT" skipped="0">
  <testcase classname="SeleniumExcelFiles.DataProviderUsingExcelandTestNg" name="searchMthd" time="7.437"/>
  <testcase classname="SeleniumExcelFiles.DataProviderUsingExcelandTestNg" name="searchMthd" time="7.919"/>
  <testcase classname="SeleniumExcelFiles.DataProviderUsingExcelandTestNg" name="searchMthd" time="7.244"/>
</testsuite> <!-- SeleniumExcelFiles.DataProviderUsingExcelandTestNg -->
