<?xml version="1.0" encoding="UTF-8"?>
<!-- Generated by org.testng.reporters.JUnitReportReporter -->
<testsuite hostname="Bhargavi" failures="0" tests="2"
	name="TestNgListeners.com.MultiBrowserTestingwithTstNG" time="3.673"
	errors="0" timestamp="19 Oct 2024 15:36:44 GMT" skipped="0">
	<testcase
		classname="TestNgListeners.com.MultiBrowserTestingwithTstNG"
		name="test1" time="1.540" />
	<testcase
		classname="TestNgListeners.com.MultiBrowserTestingwithTstNG"
		name="test1" time="2.133" />
</testsuite> <!-- TestNgListeners.com.MultiBrowserTestingwithTstNG -->
