<?xml version="1.0" encoding="UTF-8"?>
<!-- Generated by org.testng.reporters.JUnitReportReporter -->
<testsuite hostname="Bhargavi" failures="0" tests="6" name="TestNgListeners.com.GroupingWithTestNG" time="0.021" errors="0" timestamp="22 Oct 2024 17:46:20 GMT" skipped="0">
  <testcase classname="TestNgListeners.com.GroupingWithTestNG" name="test4" time="0.002"/>
  <testcase classname="TestNgListeners.com.GroupingWithTestNG" name="test6" time="0.002"/>
  <testcase classname="TestNgListeners.com.GroupingWithTestNG" name="test3" time="0.001"/>
  <testcase classname="TestNgListeners.com.GroupingWithTestNG" name="test5" time="0.001"/>
  <testcase classname="TestNgListeners.com.GroupingWithTestNG" name="test2" time="0.014"/>
  <testcase classname="TestNgListeners.com.GroupingWithTestNG" name="testone" time="0.001"/>
</testsuite> <!-- TestNgListeners.com.GroupingWithTestNG -->
