<?xml version="1.0" encoding="UTF-8"?>
<!-- Generated by org.testng.reporters.JUnitReportReporter -->
<testsuite hostname="Bhargavi" failures="0" tests="3"
	name="TestNgListeners.com.ListenersDemo2" time="0.031" errors="0"
	timestamp="02 Oct 2024 10:20:59 GMT" skipped="1">
	<testcase classname="TestNgListeners.com.ListenersDemo2"
		name="test5" time="0.014" />
	<testcase classname="TestNgListeners.com.ListenersDemo2"
		name="test4" time="0.013" />
	<testcase classname="TestNgListeners.com.ListenersDemo2"
		name="test6" time="0.004">
		<skipped />
	</testcase> <!-- test6 -->
</testsuite> <!-- TestNgListeners.com.ListenersDemo2 -->
