<?xml version="1.0" encoding="UTF-8"?>
<!-- Generated by org.testng.reporters.JUnitReportReporter -->
<testsuite hostname="Bhargavi" failures="0" tests="4"
	name="IgnoreTest.com.NewTest1" time="0.011" errors="0"
	timestamp="21 Oct 2024 10:12:34 GMT" skipped="2">
	<testcase classname="IgnoreTest.com.NewTest1" name="test5"
		time="0.000" />
	<testcase classname="IgnoreTest.com.NewTest1" name="test4"
		time="0.011" />
	<testcase classname="IgnoreTest.com.NewTest1" name="test3">
		<skipped />
	</testcase> <!-- test3 -->
	<testcase classname="IgnoreTest.com.NewTest1" name="test2">
		<skipped />
	</testcase> <!-- test2 -->
</testsuite> <!-- IgnoreTest.com.NewTest1 -->
