<?xml version="1.0" encoding="UTF-8"?>
<!-- Generated by org.testng.reporters.JUnitReportReporter -->
<testsuite hostname="Bhargavi" failures="0" tests="1"
	name="IgnoreTest.com.TestIgnore" time="0.010" errors="0"
	timestamp="21 Oct 2024 06:37:58 GMT" skipped="0">
	<testcase classname="IgnoreTest.com.TestIgnore"
		name="ignoreMtd" time="0.010" />
</testsuite> <!-- IgnoreTest.com.TestIgnore -->
