<?xml version="1.0" encoding="UTF-8"?>
<!-- Generated by org.testng.reporters.JUnitReportReporter -->
<testsuite hostname="Bhargavi" failures="0" tests="3"
	name="TestNgListeners.com.TestNgDependencies" time="0.016" errors="0"
	timestamp="20 Oct 2024 15:42:28 GMT" skipped="0">
	<testcase classname="TestNgListeners.com.TestNgDependencies"
		name="test1" time="0.002" />
	<testcase classname="TestNgListeners.com.TestNgDependencies"
		name="test3" time="0.002" />
	<testcase classname="TestNgListeners.com.TestNgDependencies"
		name="test2" time="0.012" />
</testsuite> <!-- TestNgListeners.com.TestNgDependencies -->
