<?xml version="1.0" encoding="UTF-8"?>
<!-- Generated by org.testng.reporters.JUnitReportReporter -->
<testsuite hostname="Bhargavi" failures="0" tests="4" name="Testcases.GfgLoginTest2" time="5.091" errors="0" timestamp="2024-09-19T23:09:24 IST" skipped="0">
  <testcase classname="Testcases.GfgLoginTest2" name="Setupgfglogin" time="0.335"/>
  <testcase classname="Testcases.GfgLoginTest2" name="verifypageTitle" time="0.060"/>
  <testcase classname="Testcases.GfgLoginTest2" name="verifymainPage" time="1.521"/>
  <testcase classname="Testcases.GfgLoginTest2" name="sbox" time="3.175"/>
</testsuite> <!-- Testcases.GfgLoginTest2 -->
